[debug] [2020-03-01T14:51:06.666Z] ----------------------------------------------------------------------
[debug] [2020-03-01T14:51:06.668Z] Command:       /Users/irie-shinnosuke/.anyenv/envs/nodenv/versions/10.16.0/bin/node /Users/irie-shinnosuke/.anyenv/envs/nodenv/versions/10.16.0/bin/firebase deploy
[debug] [2020-03-01T14:51:06.669Z] CLI Version:   7.7.0
[debug] [2020-03-01T14:51:06.669Z] Platform:      darwin
[debug] [2020-03-01T14:51:06.669Z] Node Version:  v10.16.0
[debug] [2020-03-01T14:51:06.674Z] Time:          Sun Mar 01 2020 23:51:06 GMT+0900 (Japan Standard Time)
[debug] [2020-03-01T14:51:06.674Z] ----------------------------------------------------------------------
[debug] [2020-03-01T14:51:06.675Z] 
[debug] [2020-03-01T14:51:06.685Z] > command requires scopes: ["email","openid","https://www.googleapis.com/auth/cloudplatformprojects.readonly","https://www.googleapis.com/auth/firebase","https://www.googleapis.com/auth/cloud-platform"]
[debug] [2020-03-01T14:51:06.685Z] > authorizing via signed-in user
[debug] [2020-03-01T14:51:06.685Z] [iam] checking project skett-ffff1 for permissions ["cloudfunctions.functions.create","cloudfunctions.functions.delete","cloudfunctions.functions.get","cloudfunctions.functions.list","cloudfunctions.functions.update","cloudfunctions.operations.get","firebase.projects.get","firebasehosting.sites.update"]
[debug] [2020-03-01T14:51:06.687Z] > refreshing access token with scopes: ["email","https://www.googleapis.com/auth/cloud-platform","https://www.googleapis.com/auth/cloudplatformprojects.readonly","https://www.googleapis.com/auth/firebase","openid"]
[debug] [2020-03-01T14:51:06.687Z] >>> HTTP REQUEST POST https://www.googleapis.com/oauth2/v3/token  
 <request body omitted>
[debug] [2020-03-01T14:51:06.897Z] <<< HTTP RESPONSE 200
[debug] [2020-03-01T14:51:06.912Z] >>> HTTP REQUEST POST https://cloudresourcemanager.googleapis.com/v1/projects/skett-ffff1:testIamPermissions  

[debug] [2020-03-01T14:51:07.927Z] <<< HTTP RESPONSE 200
[debug] [2020-03-01T14:51:07.928Z] >>> HTTP REQUEST GET https://firebase.googleapis.com/v1beta1/projects/skett-ffff1  
 
[debug] [2020-03-01T14:51:08.947Z] <<< HTTP RESPONSE 200
[info] 
[info] === Deploying to 'skett-ffff1'...
[info] 
[info] i  deploying functions, hosting
[info] Running command: npm --prefix "$RESOURCE_DIR" run lint
[info] Running command: npm --prefix "$RESOURCE_DIR" run build
[info] ✔  functions: Finished running predeploy script.
[debug] [2020-03-01T14:51:18.919Z] > [functions] package.json contents: {
  "name": "functions",
  "scripts": {
    "lint": "tslint --project tsconfig.json",
    "build": "tsc",
    "serve": "npm run build && firebase serve --only functions",
    "shell": "npm run build && firebase functions:shell",
    "start": "npm run shell",
    "deploy": "firebase deploy --only functions",
    "logs": "firebase functions:log"
  },
  "engines": {
    "node": "8"
  },
  "main": "lib/index.js",
  "dependencies": {
    "firebase-admin": "^8.6.0",
    "firebase-functions": "^3.3.0",
    "express": "^4.17.1"
  },
  "devDependencies": {
    "tslint": "^5.12.0",
    "typescript": "^3.2.2",
    "firebase-functions-test": "^0.1.6"
  },
  "private": true
}
[info] i  functions: ensuring necessary APIs are enabled...
[debug] [2020-03-01T14:51:18.920Z] >>> HTTP REQUEST GET https://serviceusage.googleapis.com/v1/projects/skett-ffff1/services/cloudfunctions.googleapis.com  
 
[debug] [2020-03-01T14:51:18.920Z] >>> HTTP REQUEST GET https://serviceusage.googleapis.com/v1/projects/skett-ffff1/services/runtimeconfig.googleapis.com  
 
[debug] [2020-03-01T14:51:20.182Z] <<< HTTP RESPONSE 200
[debug] [2020-03-01T14:51:20.236Z] <<< HTTP RESPONSE 200
[info] ✔  functions: all necessary APIs are enabled
[debug] [2020-03-01T14:51:20.237Z] >>> HTTP REQUEST GET https://firebase.googleapis.com/v1beta1/projects/skett-ffff1/adminSdkConfig  
 
[debug] [2020-03-01T14:51:20.928Z] <<< HTTP RESPONSE 200
[debug] [2020-03-01T14:51:20.929Z] >>> HTTP REQUEST POST https://firebasehosting.googleapis.com/v1beta1/sites/skett-ffff1/versions  

[debug] [2020-03-01T14:51:22.994Z] <<< HTTP RESPONSE 200
[info] i  functions: preparing functions directory for uploading...
[debug] [2020-03-01T14:51:22.996Z] >>> HTTP REQUEST GET https://runtimeconfig.googleapis.com/v1beta1/projects/skett-ffff1/configs  
 
[debug] [2020-03-01T14:51:24.410Z] <<< HTTP RESPONSE 200
[info] i  functions: packaged functions (43.47 KB) for uploading
[debug] [2020-03-01T14:51:24.898Z] >>> HTTP REQUEST POST https://cloudfunctions.googleapis.com/v1/projects/skett-ffff1/locations/us-central1/functions:generateUploadUrl  
 
[debug] [2020-03-01T14:51:26.053Z] <<< HTTP RESPONSE 200
[debug] [2020-03-01T14:51:26.054Z] >>> HTTP REQUEST PUT https://storage.googleapis.com/gcf-upload-us-central1-d51074f4-b9d5-4b82-9447-d4576a6d7c59/4a13efa2-2ed9-4208-8e46-28e824315aa4.zip?GoogleAccessId=service-1010617732801@gcf-admin-robot.iam.gserviceaccount.com&Expires=1583076085&Signature=hfh5OkVUlczC5qLLiwEbS0U3M4CMjR8jZt6sIASreGgDk7Goq1vYknPFEnaKivf1HEQFRmmF0yiBPtyQ74yncykBIdipjNgKzEaI%2BQHcXWAPnsuauLdFFeTBhX3RRRJ4cuErJ1utFs4xA0O4H%2FXpxtLljJCSLtuj3N5sbRCcG9f6HN8Kn9M5FvduPkiq4tMeGQIDCm%2B73oXlQ%2BnokPwAe63mAWXgHCQwmG%2FA6rx3udGvar%2BSoUkblvSXvJqjXeZbsv3wL%2FR4NzpZgvNUZQFr2ECOA6XNI74gP2bWEXq2uulbAtnO5LOz0sIy3HnjC25ScC7D%2Fo5cNsl04gKtUfUnNQ%3D%3D  
 <request body omitted>
[debug] [2020-03-01T14:51:26.461Z] <<< HTTP RESPONSE 200
[info] ✔  functions: functions folder uploaded successfully
[info] i  hosting[skett-ffff1]: beginning deploy...
[info] i  hosting[skett-ffff1]: found 113 files in out
[debug] [2020-03-01T14:51:27.633Z] [hosting] hash cache [b3V0] stored for 113 files
[debug] [2020-03-01T14:51:27.633Z] [hosting][hash queue][FINAL]
[debug] [2020-03-01T14:51:27.633Z] >>> HTTP REQUEST POST https://firebasehosting.googleapis.com/v1beta1/sites/skett-ffff1/versions/47d898a24bc2d977:populateFiles  
 <request body omitted>
[debug] [2020-03-01T14:51:29.018Z] <<< HTTP RESPONSE 200
[debug] [2020-03-01T14:51:29.019Z] [hosting][populate queue][FINAL]
[debug] [2020-03-01T14:51:29.019Z] [hosting] uploads queued: 0
[debug] [2020-03-01T14:51:29.019Z] [hosting][upload queue][FINAL]
[info] ✔  hosting[skett-ffff1]: file upload complete
[debug] [2020-03-01T14:51:29.019Z] [hosting] deploy completed after 2557ms
[debug] [2020-03-01T14:51:29.150Z] >>> HTTP REQUEST GET https://cloudfunctions.googleapis.com/v1/projects/skett-ffff1/locations/-/functions  
 
[debug] [2020-03-01T14:51:29.779Z] <<< HTTP RESPONSE 200
[info] i  functions: updating Node.js 8 function s(us-central1)...
[debug] [2020-03-01T14:51:29.781Z] Trigger is:  {"httpsTrigger":{}}
[debug] [2020-03-01T14:51:29.782Z] >>> HTTP REQUEST GET https://serviceusage.googleapis.com/v1/projects/skett-ffff1/services/cloudscheduler.googleapis.com  
 
[debug] [2020-03-01T14:51:30.764Z] <<< HTTP RESPONSE 200
[debug] [2020-03-01T14:51:30.767Z] >>> HTTP REQUEST PATCH https://cloudfunctions.googleapis.com/v1/projects/skett-ffff1/locations/us-central1/functions/s {"updateMask":"sourceUploadUrl,name,labels,runtime,httpsTrigger"} 

[debug] [2020-03-01T14:51:31.602Z] <<< HTTP RESPONSE 200
[debug] [2020-03-01T14:51:31.605Z] >>> HTTP REQUEST GET https://cloudfunctions.googleapis.com/v1/projects/skett-ffff1/locations/-/functions  
 
[debug] [2020-03-01T14:51:32.207Z] <<< HTTP RESPONSE 200
[debug] [2020-03-01T14:51:32.208Z] >>> HTTP REQUEST GET https://cloudfunctions.googleapis.com/v1/operations/c2tldHQtZmZmZjEvdXMtY2VudHJhbDEvcy9uSnNHY29EUHNyVQ  
 
[debug] [2020-03-01T14:51:32.752Z] <<< HTTP RESPONSE 200
[debug] [2020-03-01T14:51:34.756Z] >>> HTTP REQUEST GET https://cloudfunctions.googleapis.com/v1/operations/c2tldHQtZmZmZjEvdXMtY2VudHJhbDEvcy9uSnNHY29EUHNyVQ  
 
[debug] [2020-03-01T14:51:35.167Z] <<< HTTP RESPONSE 200
[debug] [2020-03-01T14:51:37.171Z] >>> HTTP REQUEST GET https://cloudfunctions.googleapis.com/v1/operations/c2tldHQtZmZmZjEvdXMtY2VudHJhbDEvcy9uSnNHY29EUHNyVQ  
 
[debug] [2020-03-01T14:51:37.829Z] <<< HTTP RESPONSE 200
[debug] [2020-03-01T14:51:39.834Z] >>> HTTP REQUEST GET https://cloudfunctions.googleapis.com/v1/operations/c2tldHQtZmZmZjEvdXMtY2VudHJhbDEvcy9uSnNHY29EUHNyVQ  
 
[debug] [2020-03-01T14:51:40.180Z] <<< HTTP RESPONSE 200
[debug] [2020-03-01T14:51:42.183Z] >>> HTTP REQUEST GET https://cloudfunctions.googleapis.com/v1/operations/c2tldHQtZmZmZjEvdXMtY2VudHJhbDEvcy9uSnNHY29EUHNyVQ  
 
[debug] [2020-03-01T14:51:42.539Z] <<< HTTP RESPONSE 200
